-------------------------------------------------------------------------------
Test set: User.UserControllerTests
-------------------------------------------------------------------------------
Tests run: 1, Failures: 0, Errors: 1, Skipped: 0, Time elapsed: 0 sec <<< FAILURE! - in User.UserControllerTests
testCreate(User.UserControllerTests)  Time elapsed: 0 sec  <<< ERROR!
java.lang.NullPointerException: null
	at User.UserControllerTests.testCreate(UserControllerTests.java:48)

